2025/09/10 23:45:35 main.go:92: ArgoCD Apps started
2025/09/10 23:45:39 main.go:92: ArgoCD Apps started
2025/09/10 23:45:39 status.go:142: INFO: Initializing...
2025/09/10 23:45:39 main.go:104: INFO: Initializing...
2025/09/10 23:45:39 status.go:142: INFO: Ready
2025/09/10 23:45:39 main.go:104: INFO: Ready
2025/09/10 23:51:30 main.go:92: ArgoCD Apps started
2025/09/10 23:53:57 main.go:92: ArgoCD Apps started
2025/09/10 23:53:57 status.go:142: INFO: Ready
2025/09/10 23:53:57 main.go:104: INFO: Ready
2025/09/10 23:53:57 status.go:142: INFO: Initializing...
2025/09/10 23:53:57 main.go:104: INFO: Initializing...
2025/09/10 23:54:16 main.go:92: ArgoCD Apps started
2025/09/10 23:54:16 status.go:142: INFO: Initializing...
2025/09/10 23:54:16 main.go:104: INFO: Initializing...
2025/09/10 23:54:16 status.go:142: INFO: Ready
2025/09/10 23:54:16 main.go:104: INFO: Ready
2025/09/10 23:54:28 main.go:92: ArgoCD Apps started
2025/09/10 23:54:28 status.go:142: INFO: Initializing...
2025/09/10 23:54:28 main.go:104: INFO: Initializing...
2025/09/10 23:54:28 status.go:142: INFO: Ready
2025/09/10 23:54:28 main.go:104: INFO: Ready
2025/09/11 00:06:08 main.go:92: ArgoCD Apps started
2025/09/11 00:06:08 status.go:142: INFO: Initializing...
2025/09/11 00:06:08 main.go:104: INFO: Initializing...
2025/09/11 00:06:08 status.go:142: INFO: Ready
2025/09/11 00:06:08 main.go:104: INFO: Ready
2025/09/11 00:06:08 status.go:138: ERROR: failed to list applications: request failed: Get "https://argocd.example.com/api/v1/applications": dial tcp: lookup argocd.example.com: no such host
2025/09/11 00:06:08 main.go:100: ERROR: failed to list applications: request failed: Get "https://argocd.example.com/api/v1/applications": dial tcp: lookup argocd.example.com: no such host
2025/09/11 00:06:16 main.go:92: ArgoCD Apps started
2025/09/11 00:06:16 status.go:142: INFO: Ready
2025/09/11 00:06:16 main.go:104: INFO: Ready
2025/09/11 00:06:16 status.go:142: INFO: Initializing...
2025/09/11 00:06:16 main.go:104: INFO: Initializing...
2025/09/11 00:06:16 status.go:138: ERROR: failed to list applications: request failed: Get "https://argocd.example.com/api/v1/applications": dial tcp: lookup argocd.example.com: no such host
2025/09/11 00:06:16 main.go:100: ERROR: failed to list applications: request failed: Get "https://argocd.example.com/api/v1/applications": dial tcp: lookup argocd.example.com: no such host
2025/09/11 00:06:40 main.go:92: ArgoCD Apps started
2025/09/11 00:07:23 main.go:85: ArgoCD Apps started
2025/09/11 00:07:23 main.go:34: Using demo server - set ARGOCD_SERVER and ARGOCD_TOKEN environment variables for real data
2025/09/11 00:07:23 status.go:142: INFO: Initializing...
2025/09/11 00:07:23 main.go:97: INFO: Initializing...
2025/09/11 00:07:23 status.go:142: INFO: Ready
2025/09/11 00:07:23 main.go:97: INFO: Ready
2025/09/11 00:07:23 status.go:138: ERROR: failed to list applications: request failed: Get "https://argocd.example.com/api/v1/applications": dial tcp: lookup argocd.example.com: no such host
2025/09/11 00:07:23 main.go:93: ERROR: failed to list applications: request failed: Get "https://argocd.example.com/api/v1/applications": dial tcp: lookup argocd.example.com: no such host
2025/09/11 00:08:20 main.go:85: ArgoCD Apps started
2025/09/11 00:08:20 main.go:34: Using demo server - set ARGOCD_SERVER and ARGOCD_TOKEN environment variables for real data
2025/09/11 00:08:20 status.go:142: INFO: Initializing...
2025/09/11 00:08:20 main.go:97: INFO: Initializing...
2025/09/11 00:08:20 status.go:142: INFO: Ready
2025/09/11 00:08:20 main.go:97: INFO: Ready
2025/09/11 00:08:20 status.go:138: ERROR: failed to list applications: request failed: Get "https://argocd.example.com/api/v1/applications": dial tcp: lookup argocd.example.com: no such host
2025/09/11 00:08:20 main.go:93: ERROR: failed to list applications: request failed: Get "https://argocd.example.com/api/v1/applications": dial tcp: lookup argocd.example.com: no such host
2025/09/11 00:13:30 main.go:77: ArgoCD Apps started
2025/09/11 00:13:30 main.go:22: Loading ArgoCD config…
2025/09/11 00:13:30 main.go:32: Successfully loaded ArgoCD config for server: https://localhost:8081
2025/09/11 00:16:17 main.go:77: ArgoCD Apps started
2025/09/11 00:16:17 main.go:22: Loading ArgoCD config…
2025/09/11 00:16:17 main.go:32: Successfully loaded ArgoCD config for server: https://localhost:8081
2025/09/11 00:16:17 status.go:142: INFO: Ready
2025/09/11 00:16:17 main.go:106: INFO: Ready
2025/09/11 00:16:17 status.go:142: INFO: Initializing...
2025/09/11 00:16:17 main.go:106: INFO: Initializing...
2025/09/11 00:16:17 status.go:138: ERROR: failed to list applications: request failed: Get "https://localhost:8081/api/v1/applications": tls: failed to verify certificate: x509: certificate signed by unknown authority
2025/09/11 00:16:17 main.go:102: ERROR: failed to list applications: request failed: Get "https://localhost:8081/api/v1/applications": tls: failed to verify certificate: x509: certificate signed by unknown authority
2025/09/11 00:16:38 main.go:77: ArgoCD Apps started
2025/09/11 00:16:38 main.go:22: Loading ArgoCD config…
2025/09/11 00:16:38 main.go:32: Successfully loaded ArgoCD config for server: https://localhost:8081
2025/09/11 00:16:38 status.go:142: INFO: Initializing...
2025/09/11 00:16:38 main.go:106: INFO: Initializing...
2025/09/11 00:16:38 status.go:142: INFO: Ready
2025/09/11 00:16:38 main.go:106: INFO: Ready
2025/09/11 00:16:38 status.go:138: ERROR: failed to list applications: request failed: Get "https://localhost:8081/api/v1/applications": tls: failed to verify certificate: x509: certificate signed by unknown authority
2025/09/11 00:16:38 main.go:102: ERROR: failed to list applications: request failed: Get "https://localhost:8081/api/v1/applications": tls: failed to verify certificate: x509: certificate signed by unknown authority
2025/09/11 00:17:44 main.go:77: ArgoCD Apps started
2025/09/11 00:17:44 main.go:22: Loading ArgoCD config…
2025/09/11 00:17:44 main.go:32: Successfully loaded ArgoCD config for server: https://localhost:8081
2025/09/11 00:17:44 status.go:142: INFO: Initializing...
2025/09/11 00:17:44 main.go:106: INFO: Initializing...
2025/09/11 00:17:44 status.go:142: INFO: Ready
2025/09/11 00:17:44 main.go:106: INFO: Ready
2025/09/11 00:17:44 status.go:138: ERROR: failed to list applications: request failed: Get "https://localhost:8081/api/v1/applications": tls: failed to verify certificate: x509: certificate signed by unknown authority
2025/09/11 00:17:44 main.go:102: ERROR: failed to list applications: request failed: Get "https://localhost:8081/api/v1/applications": tls: failed to verify certificate: x509: certificate signed by unknown authority
2025/09/11 00:17:50 main.go:77: ArgoCD Apps started
2025/09/11 00:17:50 main.go:22: Loading ArgoCD config…
2025/09/11 00:17:50 main.go:32: Successfully loaded ArgoCD config for server: https://localhost:8081
2025/09/11 00:17:50 status.go:142: INFO: Initializing...
2025/09/11 00:17:50 main.go:106: INFO: Initializing...
2025/09/11 00:17:50 status.go:142: INFO: Ready
2025/09/11 00:17:50 main.go:106: INFO: Ready
2025/09/11 00:17:55 main.go:77: ArgoCD Apps started
2025/09/11 00:17:55 main.go:22: Loading ArgoCD config…
2025/09/11 00:17:55 main.go:32: Successfully loaded ArgoCD config for server: https://localhost:8081
2025/09/11 00:19:02 main.go:77: ArgoCD Apps started
2025/09/11 00:19:02 main.go:22: Loading ArgoCD config…
2025/09/11 00:19:02 main.go:32: Successfully loaded ArgoCD config for server: https://localhost:8081
2025/09/11 00:19:02 status.go:142: INFO: Ready
2025/09/11 00:19:02 main.go:106: INFO: Ready
2025/09/11 00:19:02 status.go:142: INFO: Initializing...
2025/09/11 00:19:02 main.go:106: INFO: Initializing...
2025/09/11 00:19:04 main.go:77: ArgoCD Apps started
2025/09/11 00:19:04 main.go:22: Loading ArgoCD config…
2025/09/11 00:19:04 main.go:32: Successfully loaded ArgoCD config for server: https://localhost:8081
2025/09/11 00:19:04 status.go:142: INFO: Initializing...
2025/09/11 00:19:04 main.go:106: INFO: Initializing...
2025/09/11 00:19:04 status.go:142: INFO: Ready
2025/09/11 00:19:04 main.go:106: INFO: Ready
2025/09/11 00:19:43 main.go:77: ArgoCD Apps started
2025/09/11 00:19:43 main.go:22: Loading ArgoCD config…
2025/09/11 00:19:43 main.go:32: Successfully loaded ArgoCD config for server: https://localhost:8081
2025/09/11 00:19:43 status.go:142: INFO: Initializing...
2025/09/11 00:19:43 main.go:106: INFO: Initializing...
2025/09/11 00:19:43 status.go:142: INFO: Ready
2025/09/11 00:19:43 main.go:106: INFO: Ready
2025/09/11 00:19:51 main.go:77: ArgoCD Apps started
2025/09/11 00:19:51 main.go:22: Loading ArgoCD config…
2025/09/11 00:19:51 main.go:32: Successfully loaded ArgoCD config for server: https://localhost:8081
2025/09/11 00:19:51 status.go:142: INFO: Initializing...
2025/09/11 00:19:51 main.go:106: INFO: Initializing...
2025/09/11 00:19:51 status.go:142: INFO: Ready
2025/09/11 00:19:51 main.go:106: INFO: Ready
2025/09/11 00:20:04 main.go:77: ArgoCD Apps started
2025/09/11 00:20:04 main.go:22: Loading ArgoCD config…
2025/09/11 00:20:04 main.go:32: Successfully loaded ArgoCD config for server: https://localhost:8081
2025/09/11 00:20:04 status.go:142: INFO: Initializing...
2025/09/11 00:20:04 main.go:106: INFO: Initializing...
2025/09/11 00:20:04 status.go:142: INFO: Ready
2025/09/11 00:20:04 main.go:106: INFO: Ready
2025/09/11 00:20:35 main.go:77: ArgoCD Apps started
2025/09/11 00:20:35 main.go:22: Loading ArgoCD config…
2025/09/11 00:20:35 main.go:32: Successfully loaded ArgoCD config for server: https://localhost:8081
2025/09/11 00:20:35 status.go:142: INFO: Initializing...
2025/09/11 00:20:35 main.go:106: INFO: Initializing...
2025/09/11 00:20:35 status.go:142: INFO: Ready
2025/09/11 00:20:35 main.go:106: INFO: Ready
2025/09/11 00:20:44 main.go:77: ArgoCD Apps started
2025/09/11 00:20:44 main.go:22: Loading ArgoCD config…
2025/09/11 00:20:44 main.go:32: Successfully loaded ArgoCD config for server: https://localhost:8081
2025/09/11 00:21:50 status.go:142: INFO: Executed: cls
2025/09/11 00:21:50 main.go:106: INFO: Executed: cls
2025/09/11 00:29:52 main.go:77: ArgoCD Apps started
2025/09/11 00:29:52 main.go:22: Loading ArgoCD config…
2025/09/11 00:29:52 main.go:32: Successfully loaded ArgoCD config for server: https://localhost:8081
2025/09/11 00:29:52 status.go:142: INFO: Ready
2025/09/11 00:29:52 main.go:106: INFO: Ready
2025/09/11 00:29:52 status.go:142: INFO: Initializing...
2025/09/11 00:29:52 main.go:106: INFO: Initializing...
2025/09/11 00:30:00 main.go:77: ArgoCD Apps started
2025/09/11 00:30:00 main.go:22: Loading ArgoCD config…
2025/09/11 00:30:00 main.go:32: Successfully loaded ArgoCD config for server: https://localhost:8081
2025/09/11 00:30:00 status.go:142: INFO: Initializing...
2025/09/11 00:30:00 main.go:106: INFO: Initializing...
2025/09/11 00:30:00 status.go:142: INFO: Ready
2025/09/11 00:30:00 main.go:106: INFO: Ready
2025/09/11 00:30:37 main.go:77: ArgoCD Apps started
2025/09/11 00:30:37 main.go:22: Loading ArgoCD config…
2025/09/11 00:30:37 main.go:32: Successfully loaded ArgoCD config for server: https://localhost:8081
2025/09/11 00:30:37 status.go:142: INFO: Ready
2025/09/11 00:30:37 main.go:106: INFO: Ready
2025/09/11 00:30:37 status.go:142: INFO: Initializing...
2025/09/11 00:30:37 main.go:106: INFO: Initializing...
2025/09/11 00:33:32 main.go:77: ArgoCD Apps started
2025/09/11 00:33:32 main.go:22: Loading ArgoCD config…
2025/09/11 00:33:32 main.go:32: Successfully loaded ArgoCD config for server: https://localhost:8081
2025/09/11 00:33:32 status.go:142: INFO: Ready
2025/09/11 00:33:32 main.go:106: INFO: Ready
2025/09/11 00:33:32 status.go:142: INFO: Initializing...
2025/09/11 00:33:32 main.go:106: INFO: Initializing...
2025/09/11 00:35:18 main.go:77: ArgoCD Apps started
2025/09/11 00:35:18 main.go:22: Loading ArgoCD config…
2025/09/11 00:35:18 main.go:32: Successfully loaded ArgoCD config for server: https://localhost:8081
2025/09/11 00:35:18 status.go:142: INFO: Initializing...
2025/09/11 00:35:18 main.go:106: INFO: Initializing...
2025/09/11 00:35:18 status.go:142: INFO: Ready
2025/09/11 00:35:18 main.go:106: INFO: Ready
2025/09/11 00:36:25 main.go:77: ArgoCD Apps started
2025/09/11 00:36:25 main.go:22: Loading ArgoCD config…
2025/09/11 00:36:25 main.go:32: Successfully loaded ArgoCD config for server: https://localhost:8081
2025/09/11 00:36:25 status.go:142: INFO: Initializing...
2025/09/11 00:36:25 main.go:106: INFO: Initializing...
2025/09/11 00:36:25 status.go:142: INFO: Ready
2025/09/11 00:36:25 main.go:106: INFO: Ready
2025/09/11 00:38:02 main.go:77: ArgoCD Apps started
2025/09/11 00:38:02 main.go:22: Loading ArgoCD config…
2025/09/11 00:38:02 main.go:32: Successfully loaded ArgoCD config for server: https://localhost:8081
2025/09/11 00:38:02 status.go:142: INFO: Ready
2025/09/11 00:38:02 main.go:106: INFO: Ready
2025/09/11 00:38:02 status.go:142: INFO: Initializing...
2025/09/11 00:38:02 main.go:106: INFO: Initializing...
2025/09/11 00:38:10 main.go:77: ArgoCD Apps started
2025/09/11 00:38:10 main.go:22: Loading ArgoCD config…
2025/09/11 00:38:10 main.go:32: Successfully loaded ArgoCD config for server: https://localhost:8081
2025/09/11 00:38:10 status.go:142: INFO: Initializing...
2025/09/11 00:38:10 main.go:106: INFO: Initializing...
2025/09/11 00:38:10 status.go:142: INFO: Ready
2025/09/11 00:38:10 main.go:106: INFO: Ready
2025/09/11 00:38:42 main.go:77: ArgoCD Apps started
2025/09/11 00:38:42 main.go:22: Loading ArgoCD config…
2025/09/11 00:38:42 main.go:32: Successfully loaded ArgoCD config for server: https://localhost:8081
2025/09/11 00:38:42 status.go:142: INFO: Initializing...
2025/09/11 00:38:42 main.go:106: INFO: Initializing...
2025/09/11 00:38:42 status.go:142: INFO: Ready
2025/09/11 00:38:42 main.go:106: INFO: Ready
2025/09/11 00:40:48 main.go:77: ArgoCD Apps started
2025/09/11 00:40:48 main.go:22: Loading ArgoCD config…
2025/09/11 00:40:48 main.go:32: Successfully loaded ArgoCD config for server: https://localhost:8081
2025/09/11 00:40:48 status.go:142: INFO: Ready
2025/09/11 00:40:48 main.go:106: INFO: Ready
2025/09/11 00:40:48 status.go:142: INFO: Initializing...
2025/09/11 00:40:48 main.go:106: INFO: Initializing...
2025/09/11 00:40:57 main.go:77: ArgoCD Apps started
2025/09/11 00:40:57 main.go:22: Loading ArgoCD config…
2025/09/11 00:40:57 main.go:32: Successfully loaded ArgoCD config for server: https://localhost:8081
2025/09/11 00:40:57 status.go:142: INFO: Initializing...
2025/09/11 00:40:57 main.go:106: INFO: Initializing...
2025/09/11 00:40:57 status.go:142: INFO: Ready
2025/09/11 00:40:57 main.go:106: INFO: Ready
2025/09/11 00:43:46 main.go:77: ArgoCD Apps started
2025/09/11 00:43:46 main.go:22: Loading ArgoCD config…
2025/09/11 00:43:46 main.go:32: Successfully loaded ArgoCD config for server: https://localhost:8081
2025/09/11 00:43:46 status.go:142: INFO: Initializing...
2025/09/11 00:43:46 main.go:106: INFO: Initializing...
2025/09/11 00:43:46 status.go:142: INFO: Ready
2025/09/11 00:43:46 main.go:106: INFO: Ready
2025/09/11 00:43:54 status.go:142: INFO: Executed: diff
2025/09/11 00:43:54 main.go:106: INFO: Executed: diff
2025/09/11 00:43:58 status.go:142: INFO: Executed: diff
2025/09/11 00:43:58 main.go:106: INFO: Executed: diff
2025/09/11 00:44:32 main.go:77: ArgoCD Apps started
2025/09/11 00:44:32 main.go:22: Loading ArgoCD config…
2025/09/11 00:44:32 main.go:32: Successfully loaded ArgoCD config for server: https://localhost:8081
2025/09/11 00:44:32 status.go:142: INFO: Initializing...
2025/09/11 00:44:32 main.go:106: INFO: Initializing...
2025/09/11 00:44:32 status.go:142: INFO: Ready
2025/09/11 00:44:32 main.go:106: INFO: Ready
2025/09/11 00:44:34 main.go:77: ArgoCD Apps started
2025/09/11 00:44:34 main.go:22: Loading ArgoCD config…
2025/09/11 00:44:34 main.go:32: Successfully loaded ArgoCD config for server: https://localhost:8081
2025/09/11 00:44:34 status.go:142: INFO: Ready
2025/09/11 00:44:34 main.go:106: INFO: Ready
2025/09/11 00:44:34 status.go:142: INFO: Initializing...
2025/09/11 00:44:34 main.go:106: INFO: Initializing...
2025/09/11 00:44:39 status.go:142: INFO: Executed: ns
2025/09/11 00:44:39 main.go:106: INFO: Executed: ns
2025/09/11 00:44:42 status.go:142: INFO: Executed: ns
2025/09/11 00:44:42 main.go:106: INFO: Executed: ns
2025/09/11 00:44:45 status.go:142: INFO: Executed: cls
2025/09/11 00:44:45 main.go:106: INFO: Executed: cls
2025/09/11 00:44:47 status.go:142: INFO: Executed: clusters
2025/09/11 00:44:47 main.go:106: INFO: Executed: clusters
2025/09/11 00:49:36 main.go:81: ArgoCD Apps started
2025/09/11 00:49:36 main.go:26: Loading ArgoCD config…
2025/09/11 00:49:36 main.go:36: Successfully loaded ArgoCD config for server: https://localhost:8081
2025/09/11 00:49:36 status.go:142: INFO: Initializing...
2025/09/11 00:49:36 main.go:110: INFO: Initializing...
2025/09/11 00:49:36 status.go:142: INFO: Ready
2025/09/11 00:49:36 main.go:110: INFO: Ready
2025/09/11 00:51:00 main.go:81: ArgoCD Apps started
2025/09/11 00:51:00 main.go:26: Loading ArgoCD config…
2025/09/11 00:51:00 main.go:36: Successfully loaded ArgoCD config for server: https://localhost:8081
2025/09/11 00:51:00 status.go:142: INFO: Initializing...
2025/09/11 00:51:00 main.go:110: INFO: Initializing...
2025/09/11 00:51:00 status.go:142: INFO: Ready
2025/09/11 00:51:00 main.go:110: INFO: Ready
2025/09/11 00:51:28 status.go:142: INFO: Unknown command: diff
2025/09/11 00:51:28 main.go:110: INFO: Unknown command: diff
2025/09/11 00:51:31 status.go:142: INFO: Unknown command: diff
2025/09/11 00:51:31 main.go:110: INFO: Unknown command: diff
2025/09/11 00:52:15 main.go:81: ArgoCD Apps started
2025/09/11 00:52:15 main.go:26: Loading ArgoCD config…
2025/09/11 00:52:15 main.go:36: Successfully loaded ArgoCD config for server: https://localhost:8081
2025/09/11 00:52:15 status.go:142: INFO: Initializing...
2025/09/11 00:52:15 main.go:110: INFO: Initializing...
2025/09/11 00:52:15 status.go:142: INFO: Ready
2025/09/11 00:52:15 main.go:110: INFO: Ready
2025/09/11 00:53:56 main.go:81: ArgoCD Apps started
2025/09/11 00:53:56 main.go:26: Loading ArgoCD config…
2025/09/11 00:53:56 main.go:36: Successfully loaded ArgoCD config for server: https://localhost:8081
2025/09/11 00:53:56 status.go:142: INFO: Initializing...
2025/09/11 00:53:56 main.go:110: INFO: Initializing...
2025/09/11 00:53:56 status.go:142: INFO: Ready
2025/09/11 00:53:56 main.go:110: INFO: Ready
2025/09/11 00:54:12 main.go:81: ArgoCD Apps started
2025/09/11 00:54:12 main.go:26: Loading ArgoCD config…
2025/09/11 00:54:12 main.go:36: Successfully loaded ArgoCD config for server: https://localhost:8081
2025/09/11 00:54:12 status.go:142: INFO: Initializing...
2025/09/11 00:54:12 main.go:110: INFO: Initializing...
2025/09/11 00:54:12 status.go:142: INFO: Ready
2025/09/11 00:54:12 main.go:110: INFO: Ready
2025/09/11 00:54:33 main.go:81: ArgoCD Apps started
2025/09/11 00:54:33 main.go:26: Loading ArgoCD config…
2025/09/11 00:54:33 main.go:36: Successfully loaded ArgoCD config for server: https://localhost:8081
2025/09/11 00:54:33 status.go:142: INFO: Ready
2025/09/11 00:54:33 main.go:110: INFO: Ready
2025/09/11 00:54:33 status.go:142: INFO: Initializing...
2025/09/11 00:54:33 main.go:110: INFO: Initializing...
2025/09/11 00:54:47 main.go:81: ArgoCD Apps started
2025/09/11 00:54:47 main.go:26: Loading ArgoCD config…
2025/09/11 00:54:47 main.go:36: Successfully loaded ArgoCD config for server: https://localhost:8081
2025/09/11 00:54:47 status.go:142: INFO: Initializing...
2025/09/11 00:54:47 main.go:110: INFO: Initializing...
2025/09/11 00:54:47 status.go:142: INFO: Ready
2025/09/11 00:54:47 main.go:110: INFO: Ready
2025/09/11 00:54:55 main.go:81: ArgoCD Apps started
2025/09/11 00:54:55 main.go:26: Loading ArgoCD config…
2025/09/11 00:54:55 main.go:36: Successfully loaded ArgoCD config for server: https://localhost:8081
2025/09/11 00:54:55 status.go:142: INFO: Initializing...
2025/09/11 00:54:55 main.go:110: INFO: Initializing...
2025/09/11 00:54:55 status.go:142: INFO: Ready
2025/09/11 00:54:55 main.go:110: INFO: Ready
2025/09/11 00:55:00 main.go:81: ArgoCD Apps started
2025/09/11 00:55:00 main.go:26: Loading ArgoCD config…
2025/09/11 00:55:00 main.go:36: Successfully loaded ArgoCD config for server: https://localhost:8081
2025/09/11 00:55:00 status.go:142: INFO: Initializing...
2025/09/11 00:55:00 main.go:110: INFO: Initializing...
2025/09/11 00:55:00 status.go:142: INFO: Ready
2025/09/11 00:55:00 main.go:110: INFO: Ready
2025/09/11 00:55:26 main.go:81: ArgoCD Apps started
2025/09/11 00:55:26 main.go:26: Loading ArgoCD config…
2025/09/11 00:55:26 main.go:36: Successfully loaded ArgoCD config for server: https://localhost:8081
2025/09/11 00:55:26 status.go:142: INFO: Ready
2025/09/11 00:55:26 main.go:110: INFO: Ready
2025/09/11 00:55:26 status.go:142: INFO: Initializing...
2025/09/11 00:55:26 main.go:110: INFO: Initializing...
2025/09/11 00:58:18 main.go:81: ArgoCD Apps started
2025/09/11 00:58:18 main.go:26: Loading ArgoCD config…
2025/09/11 00:58:18 main.go:36: Successfully loaded ArgoCD config for server: https://localhost:8081
2025/09/11 00:58:18 status.go:142: INFO: Initializing...
2025/09/11 00:58:18 main.go:110: INFO: Initializing...
2025/09/11 00:58:18 status.go:142: INFO: Ready
2025/09/11 00:58:18 main.go:110: INFO: Ready
2025/09/11 00:58:47 main.go:81: ArgoCD Apps started
2025/09/11 00:58:47 main.go:26: Loading ArgoCD config…
2025/09/11 00:58:47 main.go:36: Successfully loaded ArgoCD config for server: https://localhost:8081
2025/09/11 00:58:47 status.go:142: INFO: Initializing...
2025/09/11 00:58:47 main.go:110: INFO: Initializing...
2025/09/11 00:58:47 status.go:142: INFO: Ready
2025/09/11 00:58:47 main.go:110: INFO: Ready
2025/09/11 00:59:15 main.go:81: ArgoCD Apps started
2025/09/11 00:59:15 main.go:26: Loading ArgoCD config…
2025/09/11 00:59:15 main.go:36: Successfully loaded ArgoCD config for server: https://localhost:8081
2025/09/11 00:59:15 status.go:142: INFO: Ready
2025/09/11 00:59:15 main.go:110: INFO: Ready
2025/09/11 00:59:15 status.go:142: INFO: Initializing...
2025/09/11 00:59:15 main.go:110: INFO: Initializing...
2025/09/11 00:59:29 main.go:81: ArgoCD Apps started
2025/09/11 00:59:29 main.go:26: Loading ArgoCD config…
2025/09/11 00:59:29 main.go:36: Successfully loaded ArgoCD config for server: https://localhost:8081
2025/09/11 00:59:29 status.go:142: INFO: Initializing...
2025/09/11 00:59:29 main.go:110: INFO: Initializing...
2025/09/11 00:59:29 status.go:142: INFO: Ready
2025/09/11 00:59:29 main.go:110: INFO: Ready
2025/09/11 00:59:49 main.go:81: ArgoCD Apps started
2025/09/11 00:59:49 main.go:26: Loading ArgoCD config…
2025/09/11 00:59:49 main.go:36: Successfully loaded ArgoCD config for server: https://localhost:8081
2025/09/11 00:59:49 status.go:142: INFO: Ready
2025/09/11 00:59:49 main.go:110: INFO: Ready
2025/09/11 00:59:49 status.go:142: INFO: Initializing...
2025/09/11 00:59:49 main.go:110: INFO: Initializing...
2025/09/11 01:00:09 main.go:81: ArgoCD Apps started
2025/09/11 01:00:09 main.go:26: Loading ArgoCD config…
2025/09/11 01:00:09 main.go:36: Successfully loaded ArgoCD config for server: https://localhost:8081
2025/09/11 01:00:09 status.go:142: INFO: Ready
2025/09/11 01:00:09 main.go:110: INFO: Ready
2025/09/11 01:00:09 status.go:142: INFO: Initializing...
2025/09/11 01:00:09 main.go:110: INFO: Initializing...
2025/09/11 01:00:53 main.go:81: ArgoCD Apps started
2025/09/11 01:00:53 main.go:26: Loading ArgoCD config…
2025/09/11 01:00:53 main.go:36: Successfully loaded ArgoCD config for server: https://localhost:8081
2025/09/11 01:00:53 status.go:142: INFO: Ready
2025/09/11 01:00:53 main.go:110: INFO: Ready
2025/09/11 01:00:53 status.go:142: INFO: Initializing...
2025/09/11 01:00:53 main.go:110: INFO: Initializing...
2025/09/11 01:01:05 main.go:81: ArgoCD Apps started
2025/09/11 01:01:05 main.go:26: Loading ArgoCD config…
2025/09/11 01:01:05 main.go:36: Successfully loaded ArgoCD config for server: https://localhost:8081
2025/09/11 01:01:05 status.go:142: INFO: Initializing...
2025/09/11 01:01:05 main.go:110: INFO: Initializing...
2025/09/11 01:01:05 status.go:142: INFO: Ready
2025/09/11 01:01:05 main.go:110: INFO: Ready
2025/09/11 01:01:22 main.go:81: ArgoCD Apps started
2025/09/11 01:01:22 main.go:26: Loading ArgoCD config…
2025/09/11 01:01:22 main.go:36: Successfully loaded ArgoCD config for server: https://localhost:8081
2025/09/11 01:01:22 status.go:142: INFO: Initializing...
2025/09/11 01:01:22 main.go:110: INFO: Initializing...
2025/09/11 01:01:22 status.go:142: INFO: Ready
2025/09/11 01:01:22 main.go:110: INFO: Ready
2025/09/11 01:01:35 main.go:81: ArgoCD Apps started
2025/09/11 01:01:35 main.go:26: Loading ArgoCD config…
2025/09/11 01:01:35 main.go:36: Successfully loaded ArgoCD config for server: https://localhost:8081
2025/09/11 01:01:35 status.go:142: INFO: Initializing...
2025/09/11 01:01:35 main.go:110: INFO: Initializing...
2025/09/11 01:01:35 status.go:142: INFO: Ready
2025/09/11 01:01:35 main.go:110: INFO: Ready
2025/09/11 01:01:57 main.go:81: ArgoCD Apps started
2025/09/11 01:01:57 main.go:26: Loading ArgoCD config…
2025/09/11 01:01:57 main.go:36: Successfully loaded ArgoCD config for server: https://localhost:8081
2025/09/11 01:01:57 status.go:142: INFO: Initializing...
2025/09/11 01:01:57 main.go:110: INFO: Initializing...
2025/09/11 01:01:57 status.go:142: INFO: Ready
2025/09/11 01:01:57 main.go:110: INFO: Ready
2025/09/11 01:02:23 main.go:81: ArgoCD Apps started
2025/09/11 01:02:23 main.go:26: Loading ArgoCD config…
2025/09/11 01:02:23 main.go:36: Successfully loaded ArgoCD config for server: https://localhost:8081
2025/09/11 01:02:23 status.go:142: INFO: Initializing...
2025/09/11 01:02:23 main.go:110: INFO: Initializing...
2025/09/11 01:02:23 status.go:142: INFO: Ready
2025/09/11 01:02:23 main.go:110: INFO: Ready
2025/09/11 01:02:42 main.go:81: ArgoCD Apps started
2025/09/11 01:02:42 main.go:26: Loading ArgoCD config…
2025/09/11 01:02:42 main.go:36: Successfully loaded ArgoCD config for server: https://localhost:8081
2025/09/11 01:02:42 status.go:142: INFO: Initializing...
2025/09/11 01:02:42 main.go:110: INFO: Initializing...
2025/09/11 01:02:42 status.go:142: INFO: Ready
2025/09/11 01:02:42 main.go:110: INFO: Ready
2025/09/11 01:02:58 main.go:81: ArgoCD Apps started
2025/09/11 01:02:58 main.go:26: Loading ArgoCD config…
2025/09/11 01:02:58 main.go:36: Successfully loaded ArgoCD config for server: https://localhost:8081
2025/09/11 01:02:58 status.go:142: INFO: Initializing...
2025/09/11 01:02:58 main.go:110: INFO: Initializing...
2025/09/11 01:02:58 status.go:142: INFO: Ready
2025/09/11 01:02:58 main.go:110: INFO: Ready
2025/09/11 01:03:07 main.go:81: ArgoCD Apps started
2025/09/11 01:03:07 main.go:26: Loading ArgoCD config…
2025/09/11 01:03:07 main.go:36: Successfully loaded ArgoCD config for server: https://localhost:8081
2025/09/11 01:03:07 status.go:142: INFO: Initializing...
2025/09/11 01:03:07 main.go:110: INFO: Initializing...
2025/09/11 01:03:07 status.go:142: INFO: Ready
2025/09/11 01:03:07 main.go:110: INFO: Ready
2025/09/11 01:07:14 main.go:81: ArgoCD Apps started
2025/09/11 01:07:14 main.go:26: Loading ArgoCD config…
2025/09/11 01:07:14 main.go:36: Successfully loaded ArgoCD config for server: https://localhost:8081
2025/09/11 01:07:14 status.go:142: INFO: Ready
2025/09/11 01:07:14 main.go:110: INFO: Ready
2025/09/11 01:07:14 status.go:142: INFO: Initializing...
2025/09/11 01:07:14 main.go:110: INFO: Initializing...
2025/09/11 01:07:17 main.go:81: ArgoCD Apps started
2025/09/11 01:07:17 main.go:26: Loading ArgoCD config…
2025/09/11 01:07:17 main.go:36: Successfully loaded ArgoCD config for server: https://localhost:8081
2025/09/11 01:07:17 status.go:142: INFO: Initializing...
2025/09/11 01:07:17 main.go:110: INFO: Initializing...
2025/09/11 01:07:17 status.go:142: INFO: Ready
2025/09/11 01:07:17 main.go:110: INFO: Ready
2025/09/11 01:07:24 status.go:142: INFO: Unknown command: diff
2025/09/11 01:07:24 main.go:110: INFO: Unknown command: diff
2025/09/11 01:09:26 main.go:81: ArgoCD Apps started
2025/09/11 01:09:26 main.go:26: Loading ArgoCD config…
2025/09/11 01:09:26 main.go:36: Successfully loaded ArgoCD config for server: https://localhost:8081
2025/09/11 01:09:26 status.go:142: INFO: Initializing...
2025/09/11 01:09:26 main.go:110: INFO: Initializing...
2025/09/11 01:09:26 status.go:142: INFO: Ready
2025/09/11 01:09:26 main.go:110: INFO: Ready
2025/09/11 01:11:35 main.go:81: ArgoCD Apps started
2025/09/11 01:11:35 main.go:26: Loading ArgoCD config…
2025/09/11 01:11:35 main.go:36: Successfully loaded ArgoCD config for server: https://localhost:8081
2025/09/11 01:11:35 status.go:142: INFO: Ready
2025/09/11 01:11:35 main.go:110: INFO: Ready
2025/09/11 01:11:35 status.go:142: INFO: Initializing...
2025/09/11 01:11:35 main.go:110: INFO: Initializing...
2025/09/11 01:13:48 main.go:81: ArgoCD Apps started
2025/09/11 01:13:48 main.go:26: Loading ArgoCD config…
2025/09/11 01:13:48 main.go:36: Successfully loaded ArgoCD config for server: https://localhost:8081
2025/09/11 01:13:48 status.go:142: INFO: Initializing...
2025/09/11 01:13:48 main.go:110: INFO: Initializing...
2025/09/11 01:13:48 status.go:142: INFO: Ready
2025/09/11 01:13:48 main.go:110: INFO: Ready
2025/09/11 01:14:20 main.go:81: ArgoCD Apps started
2025/09/11 01:14:20 main.go:26: Loading ArgoCD config…
2025/09/11 01:14:20 main.go:36: Successfully loaded ArgoCD config for server: https://localhost:8081
2025/09/11 01:14:20 status.go:142: INFO: Initializing...
2025/09/11 01:14:20 main.go:110: INFO: Initializing...
2025/09/11 01:14:20 status.go:142: INFO: Ready
2025/09/11 01:14:20 main.go:110: INFO: Ready
2025/09/11 01:14:25 status.go:142: INFO: Unknown command: duff
2025/09/11 01:14:25 main.go:110: INFO: Unknown command: duff
2025/09/11 01:14:28 status.go:142: INFO: Unknown command: diff
2025/09/11 01:14:28 main.go:110: INFO: Unknown command: diff
2025/09/11 01:36:45 main.go:81: ArgoCD Apps started
2025/09/11 01:36:45 main.go:26: Loading ArgoCD config…
2025/09/11 01:36:45 main.go:36: Successfully loaded ArgoCD config for server: https://localhost:8081
2025/09/11 01:36:45 status.go:142: INFO: Initializing...
2025/09/11 01:36:45 main.go:110: INFO: Initializing...
2025/09/11 01:36:45 status.go:142: INFO: Ready
2025/09/11 01:36:45 main.go:110: INFO: Ready
2025/09/11 01:36:48 status.go:138: ERROR: Failed to load diffs: failed to get managed resources: API error 500: {"error":"error getting cached app managed resources: ComparisonError: Failed to load live state: failed to get cluster info for \"https://10.254.254.254:55689\": error synchronizing cache state : failed to get server version: failed to get server version: Get \"https://10.254.254.254:55689/version?timeout=32s\": dial tcp 10.254.254.254:55689: connect: connection refused;ComparisonError: Failed to load target state: failed to get cluster version for cluster \"https://10.254.254.254:55689\": failed to get cluster info for \"https://10.254.254.254:55689\": error synchronizing cache state : failed to get server version: failed to get server version: Get \"https://10.254.254.254:55689/version?timeout=32s\": dial tcp 10.254.254.254:55689: connect: connection refused","code":2,"message":"error getting cached app managed resources: ComparisonError: Failed to load live state: failed to get cluster info for \"https://10.254.254.254:55689\": error synchronizing cache state : failed to get server version: failed to get server version: Get \"https://10.254.254.254:55689/version?timeout=32s\": dial tcp 10.254.254.254:55689: connect: connection refused;ComparisonError: Failed to load target state: failed to get cluster version for cluster \"https://10.254.254.254:55689\": failed to get cluster info for \"https://10.254.254.254:55689\": error synchronizing cache state : failed to get server version: failed to get server version: Get \"https://10.254.254.254:55689/version?timeout=32s\": dial tcp 10.254.254.254:55689: connect: connection refused"}
2025/09/11 01:36:48 main.go:106: ERROR: Failed to load diffs: failed to get managed resources: API error 500: {"error":"error getting cached app managed resources: ComparisonError: Failed to load live state: failed to get cluster info for \"https://10.254.254.254:55689\": error synchronizing cache state : failed to get server version: failed to get server version: Get \"https://10.254.254.254:55689/version?timeout=32s\": dial tcp 10.254.254.254:55689: connect: connection refused;ComparisonError: Failed to load target state: failed to get cluster version for cluster \"https://10.254.254.254:55689\": failed to get cluster info for \"https://10.254.254.254:55689\": error synchronizing cache state : failed to get server version: failed to get server version: Get \"https://10.254.254.254:55689/version?timeout=32s\": dial tcp 10.254.254.254:55689: connect: connection refused","code":2,"message":"error getting cached app managed resources: ComparisonError: Failed to load live state: failed to get cluster info for \"https://10.254.254.254:55689\": error synchronizing cache state : failed to get server version: failed to get server version: Get \"https://10.254.254.254:55689/version?timeout=32s\": dial tcp 10.254.254.254:55689: connect: connection refused;ComparisonError: Failed to load target state: failed to get cluster version for cluster \"https://10.254.254.254:55689\": failed to get cluster info for \"https://10.254.254.254:55689\": error synchronizing cache state : failed to get server version: failed to get server version: Get \"https://10.254.254.254:55689/version?timeout=32s\": dial tcp 10.254.254.254:55689: connect: connection refused"}
2025/09/11 01:36:52 status.go:138: ERROR: Failed to load diffs: failed to get managed resources: API error 500: {"error":"error getting cached app managed resources: ComparisonError: Failed to load live state: failed to get cluster info for \"https://10.254.254.254:55689\": error synchronizing cache state : failed to get server version: failed to get server version: Get \"https://10.254.254.254:55689/version?timeout=32s\": dial tcp 10.254.254.254:55689: connect: connection refused;ComparisonError: Failed to load target state: failed to get cluster version for cluster \"https://10.254.254.254:55689\": failed to get cluster info for \"https://10.254.254.254:55689\": error synchronizing cache state : failed to get server version: failed to get server version: Get \"https://10.254.254.254:55689/version?timeout=32s\": dial tcp 10.254.254.254:55689: connect: connection refused","code":2,"message":"error getting cached app managed resources: ComparisonError: Failed to load live state: failed to get cluster info for \"https://10.254.254.254:55689\": error synchronizing cache state : failed to get server version: failed to get server version: Get \"https://10.254.254.254:55689/version?timeout=32s\": dial tcp 10.254.254.254:55689: connect: connection refused;ComparisonError: Failed to load target state: failed to get cluster version for cluster \"https://10.254.254.254:55689\": failed to get cluster info for \"https://10.254.254.254:55689\": error synchronizing cache state : failed to get server version: failed to get server version: Get \"https://10.254.254.254:55689/version?timeout=32s\": dial tcp 10.254.254.254:55689: connect: connection refused"}
2025/09/11 01:36:52 main.go:106: ERROR: Failed to load diffs: failed to get managed resources: API error 500: {"error":"error getting cached app managed resources: ComparisonError: Failed to load live state: failed to get cluster info for \"https://10.254.254.254:55689\": error synchronizing cache state : failed to get server version: failed to get server version: Get \"https://10.254.254.254:55689/version?timeout=32s\": dial tcp 10.254.254.254:55689: connect: connection refused;ComparisonError: Failed to load target state: failed to get cluster version for cluster \"https://10.254.254.254:55689\": failed to get cluster info for \"https://10.254.254.254:55689\": error synchronizing cache state : failed to get server version: failed to get server version: Get \"https://10.254.254.254:55689/version?timeout=32s\": dial tcp 10.254.254.254:55689: connect: connection refused","code":2,"message":"error getting cached app managed resources: ComparisonError: Failed to load live state: failed to get cluster info for \"https://10.254.254.254:55689\": error synchronizing cache state : failed to get server version: failed to get server version: Get \"https://10.254.254.254:55689/version?timeout=32s\": dial tcp 10.254.254.254:55689: connect: connection refused;ComparisonError: Failed to load target state: failed to get cluster version for cluster \"https://10.254.254.254:55689\": failed to get cluster info for \"https://10.254.254.254:55689\": error synchronizing cache state : failed to get server version: failed to get server version: Get \"https://10.254.254.254:55689/version?timeout=32s\": dial tcp 10.254.254.254:55689: connect: connection refused"}
2025/09/11 01:36:57 status.go:138: ERROR: Failed to load diffs: failed to get managed resources: API error 500: {"error":"error getting cached app managed resources: ComparisonError: Failed to load live state: failed to get cluster info for \"https://10.254.254.254:55689\": error synchronizing cache state : failed to get server version: failed to get server version: Get \"https://10.254.254.254:55689/version?timeout=32s\": dial tcp 10.254.254.254:55689: connect: connection refused;ComparisonError: Failed to load target state: failed to get cluster version for cluster \"https://10.254.254.254:55689\": failed to get cluster info for \"https://10.254.254.254:55689\": error synchronizing cache state : failed to get server version: failed to get server version: Get \"https://10.254.254.254:55689/version?timeout=32s\": dial tcp 10.254.254.254:55689: connect: connection refused","code":2,"message":"error getting cached app managed resources: ComparisonError: Failed to load live state: failed to get cluster info for \"https://10.254.254.254:55689\": error synchronizing cache state : failed to get server version: failed to get server version: Get \"https://10.254.254.254:55689/version?timeout=32s\": dial tcp 10.254.254.254:55689: connect: connection refused;ComparisonError: Failed to load target state: failed to get cluster version for cluster \"https://10.254.254.254:55689\": failed to get cluster info for \"https://10.254.254.254:55689\": error synchronizing cache state : failed to get server version: failed to get server version: Get \"https://10.254.254.254:55689/version?timeout=32s\": dial tcp 10.254.254.254:55689: connect: connection refused"}
2025/09/11 01:36:57 main.go:106: ERROR: Failed to load diffs: failed to get managed resources: API error 500: {"error":"error getting cached app managed resources: ComparisonError: Failed to load live state: failed to get cluster info for \"https://10.254.254.254:55689\": error synchronizing cache state : failed to get server version: failed to get server version: Get \"https://10.254.254.254:55689/version?timeout=32s\": dial tcp 10.254.254.254:55689: connect: connection refused;ComparisonError: Failed to load target state: failed to get cluster version for cluster \"https://10.254.254.254:55689\": failed to get cluster info for \"https://10.254.254.254:55689\": error synchronizing cache state : failed to get server version: failed to get server version: Get \"https://10.254.254.254:55689/version?timeout=32s\": dial tcp 10.254.254.254:55689: connect: connection refused","code":2,"message":"error getting cached app managed resources: ComparisonError: Failed to load live state: failed to get cluster info for \"https://10.254.254.254:55689\": error synchronizing cache state : failed to get server version: failed to get server version: Get \"https://10.254.254.254:55689/version?timeout=32s\": dial tcp 10.254.254.254:55689: connect: connection refused;ComparisonError: Failed to load target state: failed to get cluster version for cluster \"https://10.254.254.254:55689\": failed to get cluster info for \"https://10.254.254.254:55689\": error synchronizing cache state : failed to get server version: failed to get server version: Get \"https://10.254.254.254:55689/version?timeout=32s\": dial tcp 10.254.254.254:55689: connect: connection refused"}
2025/09/11 01:37:00 status.go:138: ERROR: Failed to load diffs: failed to get managed resources: API error 500: {"error":"error getting cached app managed resources: ComparisonError: Failed to load live state: failed to get cluster info for \"https://10.254.254.254:55689\": error synchronizing cache state : failed to get server version: failed to get server version: Get \"https://10.254.254.254:55689/version?timeout=32s\": dial tcp 10.254.254.254:55689: connect: connection refused;ComparisonError: Failed to load target state: failed to get cluster version for cluster \"https://10.254.254.254:55689\": failed to get cluster info for \"https://10.254.254.254:55689\": error synchronizing cache state : failed to get server version: failed to get server version: Get \"https://10.254.254.254:55689/version?timeout=32s\": dial tcp 10.254.254.254:55689: connect: connection refused","code":2,"message":"error getting cached app managed resources: ComparisonError: Failed to load live state: failed to get cluster info for \"https://10.254.254.254:55689\": error synchronizing cache state : failed to get server version: failed to get server version: Get \"https://10.254.254.254:55689/version?timeout=32s\": dial tcp 10.254.254.254:55689: connect: connection refused;ComparisonError: Failed to load target state: failed to get cluster version for cluster \"https://10.254.254.254:55689\": failed to get cluster info for \"https://10.254.254.254:55689\": error synchronizing cache state : failed to get server version: failed to get server version: Get \"https://10.254.254.254:55689/version?timeout=32s\": dial tcp 10.254.254.254:55689: connect: connection refused"}
2025/09/11 01:37:00 main.go:106: ERROR: Failed to load diffs: failed to get managed resources: API error 500: {"error":"error getting cached app managed resources: ComparisonError: Failed to load live state: failed to get cluster info for \"https://10.254.254.254:55689\": error synchronizing cache state : failed to get server version: failed to get server version: Get \"https://10.254.254.254:55689/version?timeout=32s\": dial tcp 10.254.254.254:55689: connect: connection refused;ComparisonError: Failed to load target state: failed to get cluster version for cluster \"https://10.254.254.254:55689\": failed to get cluster info for \"https://10.254.254.254:55689\": error synchronizing cache state : failed to get server version: failed to get server version: Get \"https://10.254.254.254:55689/version?timeout=32s\": dial tcp 10.254.254.254:55689: connect: connection refused","code":2,"message":"error getting cached app managed resources: ComparisonError: Failed to load live state: failed to get cluster info for \"https://10.254.254.254:55689\": error synchronizing cache state : failed to get server version: failed to get server version: Get \"https://10.254.254.254:55689/version?timeout=32s\": dial tcp 10.254.254.254:55689: connect: connection refused;ComparisonError: Failed to load target state: failed to get cluster version for cluster \"https://10.254.254.254:55689\": failed to get cluster info for \"https://10.254.254.254:55689\": error synchronizing cache state : failed to get server version: failed to get server version: Get \"https://10.254.254.254:55689/version?timeout=32s\": dial tcp 10.254.254.254:55689: connect: connection refused"}
2025/09/11 01:38:16 main.go:81: ArgoCD Apps started
2025/09/11 01:38:16 main.go:26: Loading ArgoCD config…
2025/09/11 01:38:16 main.go:36: Successfully loaded ArgoCD config for server: https://localhost:8081
2025/09/11 01:38:16 status.go:142: INFO: Initializing...
2025/09/11 01:38:16 main.go:110: INFO: Initializing...
2025/09/11 01:38:16 status.go:142: INFO: Ready
2025/09/11 01:38:16 main.go:110: INFO: Ready
2025/09/11 01:38:20 status.go:138: ERROR: Failed to load diffs: failed to get managed resources: API error 500: {"error":"error getting cached app managed resources: ComparisonError: Failed to load live state: failed to get cluster info for \"https://10.254.254.254:55809\": error synchronizing cache state : failed to get server version: failed to get server version: Get \"https://10.254.254.254:55809/version?timeout=32s\": dial tcp 10.254.254.254:55809: connect: connection refused;ComparisonError: Failed to load target state: failed to get cluster version for cluster \"https://10.254.254.254:55809\": failed to get cluster info for \"https://10.254.254.254:55809\": error synchronizing cache state : failed to get server version: failed to get server version: Get \"https://10.254.254.254:55809/version?timeout=32s\": dial tcp 10.254.254.254:55809: connect: connection refused","code":2,"message":"error getting cached app managed resources: ComparisonError: Failed to load live state: failed to get cluster info for \"https://10.254.254.254:55809\": error synchronizing cache state : failed to get server version: failed to get server version: Get \"https://10.254.254.254:55809/version?timeout=32s\": dial tcp 10.254.254.254:55809: connect: connection refused;ComparisonError: Failed to load target state: failed to get cluster version for cluster \"https://10.254.254.254:55809\": failed to get cluster info for \"https://10.254.254.254:55809\": error synchronizing cache state : failed to get server version: failed to get server version: Get \"https://10.254.254.254:55809/version?timeout=32s\": dial tcp 10.254.254.254:55809: connect: connection refused"}
2025/09/11 01:38:20 main.go:106: ERROR: Failed to load diffs: failed to get managed resources: API error 500: {"error":"error getting cached app managed resources: ComparisonError: Failed to load live state: failed to get cluster info for \"https://10.254.254.254:55809\": error synchronizing cache state : failed to get server version: failed to get server version: Get \"https://10.254.254.254:55809/version?timeout=32s\": dial tcp 10.254.254.254:55809: connect: connection refused;ComparisonError: Failed to load target state: failed to get cluster version for cluster \"https://10.254.254.254:55809\": failed to get cluster info for \"https://10.254.254.254:55809\": error synchronizing cache state : failed to get server version: failed to get server version: Get \"https://10.254.254.254:55809/version?timeout=32s\": dial tcp 10.254.254.254:55809: connect: connection refused","code":2,"message":"error getting cached app managed resources: ComparisonError: Failed to load live state: failed to get cluster info for \"https://10.254.254.254:55809\": error synchronizing cache state : failed to get server version: failed to get server version: Get \"https://10.254.254.254:55809/version?timeout=32s\": dial tcp 10.254.254.254:55809: connect: connection refused;ComparisonError: Failed to load target state: failed to get cluster version for cluster \"https://10.254.254.254:55809\": failed to get cluster info for \"https://10.254.254.254:55809\": error synchronizing cache state : failed to get server version: failed to get server version: Get \"https://10.254.254.254:55809/version?timeout=32s\": dial tcp 10.254.254.254:55809: connect: connection refused"}
2025/09/11 01:38:22 status.go:138: ERROR: Failed to load diffs: failed to get managed resources: API error 500: {"error":"error getting cached app managed resources: ComparisonError: Failed to load live state: failed to get cluster info for \"https://10.254.254.254:55809\": error synchronizing cache state : failed to get server version: failed to get server version: Get \"https://10.254.254.254:55809/version?timeout=32s\": dial tcp 10.254.254.254:55809: connect: connection refused;ComparisonError: Failed to load target state: failed to get cluster version for cluster \"https://10.254.254.254:55809\": failed to get cluster info for \"https://10.254.254.254:55809\": error synchronizing cache state : failed to get server version: failed to get server version: Get \"https://10.254.254.254:55809/version?timeout=32s\": dial tcp 10.254.254.254:55809: connect: connection refused","code":2,"message":"error getting cached app managed resources: ComparisonError: Failed to load live state: failed to get cluster info for \"https://10.254.254.254:55809\": error synchronizing cache state : failed to get server version: failed to get server version: Get \"https://10.254.254.254:55809/version?timeout=32s\": dial tcp 10.254.254.254:55809: connect: connection refused;ComparisonError: Failed to load target state: failed to get cluster version for cluster \"https://10.254.254.254:55809\": failed to get cluster info for \"https://10.254.254.254:55809\": error synchronizing cache state : failed to get server version: failed to get server version: Get \"https://10.254.254.254:55809/version?timeout=32s\": dial tcp 10.254.254.254:55809: connect: connection refused"}
2025/09/11 01:38:22 main.go:106: ERROR: Failed to load diffs: failed to get managed resources: API error 500: {"error":"error getting cached app managed resources: ComparisonError: Failed to load live state: failed to get cluster info for \"https://10.254.254.254:55809\": error synchronizing cache state : failed to get server version: failed to get server version: Get \"https://10.254.254.254:55809/version?timeout=32s\": dial tcp 10.254.254.254:55809: connect: connection refused;ComparisonError: Failed to load target state: failed to get cluster version for cluster \"https://10.254.254.254:55809\": failed to get cluster info for \"https://10.254.254.254:55809\": error synchronizing cache state : failed to get server version: failed to get server version: Get \"https://10.254.254.254:55809/version?timeout=32s\": dial tcp 10.254.254.254:55809: connect: connection refused","code":2,"message":"error getting cached app managed resources: ComparisonError: Failed to load live state: failed to get cluster info for \"https://10.254.254.254:55809\": error synchronizing cache state : failed to get server version: failed to get server version: Get \"https://10.254.254.254:55809/version?timeout=32s\": dial tcp 10.254.254.254:55809: connect: connection refused;ComparisonError: Failed to load target state: failed to get cluster version for cluster \"https://10.254.254.254:55809\": failed to get cluster info for \"https://10.254.254.254:55809\": error synchronizing cache state : failed to get server version: failed to get server version: Get \"https://10.254.254.254:55809/version?timeout=32s\": dial tcp 10.254.254.254:55809: connect: connection refused"}
2025/09/11 01:38:35 status.go:138: ERROR: Failed to load diffs: failed to get managed resources: API error 500: {"error":"error getting cached app managed resources: ComparisonError: Failed to load live state: failed to get cluster info for \"https://10.254.254.254:55809\": error synchronizing cache state : failed to get server version: failed to get server version: Get \"https://10.254.254.254:55809/version?timeout=32s\": dial tcp 10.254.254.254:55809: connect: connection refused;ComparisonError: Failed to load target state: failed to get cluster version for cluster \"https://10.254.254.254:55809\": failed to get cluster info for \"https://10.254.254.254:55809\": error synchronizing cache state : failed to get server version: failed to get server version: Get \"https://10.254.254.254:55809/version?timeout=32s\": dial tcp 10.254.254.254:55809: connect: connection refused","code":2,"message":"error getting cached app managed resources: ComparisonError: Failed to load live state: failed to get cluster info for \"https://10.254.254.254:55809\": error synchronizing cache state : failed to get server version: failed to get server version: Get \"https://10.254.254.254:55809/version?timeout=32s\": dial tcp 10.254.254.254:55809: connect: connection refused;ComparisonError: Failed to load target state: failed to get cluster version for cluster \"https://10.254.254.254:55809\": failed to get cluster info for \"https://10.254.254.254:55809\": error synchronizing cache state : failed to get server version: failed to get server version: Get \"https://10.254.254.254:55809/version?timeout=32s\": dial tcp 10.254.254.254:55809: connect: connection refused"}
2025/09/11 01:38:35 main.go:106: ERROR: Failed to load diffs: failed to get managed resources: API error 500: {"error":"error getting cached app managed resources: ComparisonError: Failed to load live state: failed to get cluster info for \"https://10.254.254.254:55809\": error synchronizing cache state : failed to get server version: failed to get server version: Get \"https://10.254.254.254:55809/version?timeout=32s\": dial tcp 10.254.254.254:55809: connect: connection refused;ComparisonError: Failed to load target state: failed to get cluster version for cluster \"https://10.254.254.254:55809\": failed to get cluster info for \"https://10.254.254.254:55809\": error synchronizing cache state : failed to get server version: failed to get server version: Get \"https://10.254.254.254:55809/version?timeout=32s\": dial tcp 10.254.254.254:55809: connect: connection refused","code":2,"message":"error getting cached app managed resources: ComparisonError: Failed to load live state: failed to get cluster info for \"https://10.254.254.254:55809\": error synchronizing cache state : failed to get server version: failed to get server version: Get \"https://10.254.254.254:55809/version?timeout=32s\": dial tcp 10.254.254.254:55809: connect: connection refused;ComparisonError: Failed to load target state: failed to get cluster version for cluster \"https://10.254.254.254:55809\": failed to get cluster info for \"https://10.254.254.254:55809\": error synchronizing cache state : failed to get server version: failed to get server version: Get \"https://10.254.254.254:55809/version?timeout=32s\": dial tcp 10.254.254.254:55809: connect: connection refused"}
2025/09/11 08:23:42 main.go:81: ArgoCD Apps started
2025/09/11 08:23:42 main.go:26: Loading ArgoCD config…
2025/09/11 08:23:42 main.go:36: Successfully loaded ArgoCD config for server: https://localhost:8081
2025/09/11 08:23:42 status.go:142: INFO: Initializing...
2025/09/11 08:23:42 main.go:110: INFO: Initializing...
2025/09/11 08:23:42 status.go:142: INFO: Ready
2025/09/11 08:23:42 main.go:110: INFO: Ready
2025/09/11 08:23:42 status.go:138: ERROR: failed to list applications: request failed: Get "https://localhost:8081/api/v1/applications": dial tcp [::1]:8081: connect: connection refused
2025/09/11 08:23:42 main.go:106: ERROR: failed to list applications: request failed: Get "https://localhost:8081/api/v1/applications": dial tcp [::1]:8081: connect: connection refused
